Job1logdir=/home/hduser2/scripts/job_log/randomwriter_cmprs-true_block-32MB_redmem-512_mapmem-512_mapvcore-1_redvcore-1_repln-1_datavol-5GB
Job2logdir=/home/hduser2/scripts/job_log/sort_cmprs-true_block-32MB_redmem-512_mapmem-512_mapvcore-1_redvcore-1_repln-1_datavol-5GB
This script is Deprecated. Instead use stop-dfs.sh and stop-yarn.sh
15/05/26 20:51:24 WARN util.NativeCodeLoader: Unable to load native-hadoop library for your platform... using builtin-java classes where applicable
Stopping namenodes on [localhost]
localhost: stopping namenode
localhost: stopping datanode
Stopping secondary namenodes [0.0.0.0]
0.0.0.0: stopping secondarynamenode
15/05/26 20:51:48 WARN util.NativeCodeLoader: Unable to load native-hadoop library for your platform... using builtin-java classes where applicable
stopping yarn daemons
stopping resourcemanager
localhost: stopping nodemanager
no proxyserver to stop
stopping historyserver
DEPRECATED: Use of this script to execute hdfs command is deprecated.
Instead use the hdfs command for it.

15/05/26 20:52:14 INFO namenode.NameNode: STARTUP_MSG: 
/************************************************************
STARTUP_MSG: Starting NameNode
STARTUP_MSG:   host = blrkec255676d/127.0.0.1
STARTUP_MSG:   args = [-format, -force]
STARTUP_MSG:   version = 2.6.0
STARTUP_MSG:   classpath = /usr/local/hadoop2/etc/hadoop:/usr/local/hadoop2/share/hadoop/common/lib/stax-api-1.0-2.jar:/usr/local/hadoop2/share/hadoop/common/lib/jets3t-0.9.0.jar:/usr/local/hadoop2/share/hadoop/common/lib/zookeeper-3.4.6.jar:/usr/local/hadoop2/share/hadoop/common/lib/mockito-all-1.8.5.jar:/usr/local/hadoop2/share/hadoop/common/lib/jackson-mapper-asl-1.9.13.jar:/usr/local/hadoop2/share/hadoop/common/lib/jackson-xc-1.9.13.jar:/usr/local/hadoop2/share/hadoop/common/lib/hamcrest-core-1.3.jar:/usr/local/hadoop2/share/hadoop/common/lib/jsch-0.1.42.jar:/usr/local/hadoop2/share/hadoop/common/lib/jsr305-1.3.9.jar:/usr/local/hadoop2/share/hadoop/common/lib/commons-beanutils-1.7.0.jar:/usr/local/hadoop2/share/hadoop/common/lib/jetty-6.1.26.jar:/usr/local/hadoop2/share/hadoop/common/lib/api-util-1.0.0-M20.jar:/usr/local/hadoop2/share/hadoop/common/lib/jaxb-impl-2.2.3-1.jar:/usr/local/hadoop2/share/hadoop/common/lib/junit-4.11.jar:/usr/local/hadoop2/share/hadoop/common/lib/jersey-core-1.9.jar:/usr/local/hadoop2/share/hadoop/common/lib/curator-client-2.6.0.jar:/usr/local/hadoop2/share/hadoop/common/lib/protobuf-java-2.5.0.jar:/usr/local/hadoop2/share/hadoop/common/lib/curator-framework-2.6.0.jar:/usr/local/hadoop2/share/hadoop/common/lib/guava-11.0.2.jar:/usr/local/hadoop2/share/hadoop/common/lib/java-xmlbuilder-0.4.jar:/usr/local/hadoop2/share/hadoop/common/lib/curator-recipes-2.6.0.jar:/usr/local/hadoop2/share/hadoop/common/lib/jettison-1.1.jar:/usr/local/hadoop2/share/hadoop/common/lib/hadoop-annotations-2.6.0.jar:/usr/local/hadoop2/share/hadoop/common/lib/commons-httpclient-3.1.jar:/usr/local/hadoop2/share/hadoop/common/lib/apacheds-kerberos-codec-2.0.0-M15.jar:/usr/local/hadoop2/share/hadoop/common/lib/servlet-api-2.5.jar:/usr/local/hadoop2/share/hadoop/common/lib/jsp-api-2.1.jar:/usr/local/hadoop2/share/hadoop/common/lib/commons-cli-1.2.jar:/usr/local/hadoop2/share/hadoop/common/lib/jersey-server-1.9.jar:/usr/local/hadoop2/share/hadoop/common/lib/commons-configuration-1.6.jar:/usr/local/hadoop2/share/hadoop/common/lib/htrace-core-3.0.4.jar:/usr/local/hadoop2/share/hadoop/common/lib/commons-io-2.4.jar:/usr/local/hadoop2/share/hadoop/common/lib/commons-math3-3.1.1.jar:/usr/local/hadoop2/share/hadoop/common/lib/paranamer-2.3.jar:/usr/local/hadoop2/share/hadoop/common/lib/commons-compress-1.4.1.jar:/usr/local/hadoop2/share/hadoop/common/lib/jackson-core-asl-1.9.13.jar:/usr/local/hadoop2/share/hadoop/common/lib/commons-el-1.0.jar:/usr/local/hadoop2/share/hadoop/common/lib/jasper-runtime-5.5.23.jar:/usr/local/hadoop2/share/hadoop/common/lib/jaxb-api-2.2.2.jar:/usr/local/hadoop2/share/hadoop/common/lib/commons-codec-1.4.jar:/usr/local/hadoop2/share/hadoop/common/lib/activation-1.1.jar:/usr/local/hadoop2/share/hadoop/common/lib/commons-logging-1.1.3.jar:/usr/local/hadoop2/share/hadoop/common/lib/commons-digester-1.8.jar:/usr/local/hadoop2/share/hadoop/common/lib/commons-collections-3.2.1.jar:/usr/local/hadoop2/share/hadoop/common/lib/log4j-1.2.17.jar:/usr/local/hadoop2/share/hadoop/common/lib/commons-lang-2.6.jar:/usr/local/hadoop2/share/hadoop/common/lib/commons-net-3.1.jar:/usr/local/hadoop2/share/hadoop/common/lib/jetty-util-6.1.26.jar:/usr/local/hadoop2/share/hadoop/common/lib/jackson-jaxrs-1.9.13.jar:/usr/local/hadoop2/share/hadoop/common/lib/commons-beanutils-core-1.8.0.jar:/usr/local/hadoop2/share/hadoop/common/lib/avro-1.7.4.jar:/usr/local/hadoop2/share/hadoop/common/lib/slf4j-log4j12-1.7.5.jar:/usr/local/hadoop2/share/hadoop/common/lib/httpclient-4.2.5.jar:/usr/local/hadoop2/share/hadoop/common/lib/slf4j-api-1.7.5.jar:/usr/local/hadoop2/share/hadoop/common/lib/apacheds-i18n-2.0.0-M15.jar:/usr/local/hadoop2/share/hadoop/common/lib/snappy-java-1.0.4.1.jar:/usr/local/hadoop2/share/hadoop/common/lib/jasper-compiler-5.5.23.jar:/usr/local/hadoop2/share/hadoop/common/lib/xmlenc-0.52.jar:/usr/local/hadoop2/share/hadoop/common/lib/gson-2.2.4.jar:/usr/local/hadoop2/share/hadoop/common/lib/api-asn1-api-1.0.0-M20.jar:/usr/local/hadoop2/share/hadoop/common/lib/netty-3.6.2.Final.jar:/usr/local/hadoop2/share/hadoop/common/lib/asm-3.2.jar:/usr/local/hadoop2/share/hadoop/common/lib/httpcore-4.2.5.jar:/usr/local/hadoop2/share/hadoop/common/lib/hadoop-auth-2.6.0.jar:/usr/local/hadoop2/share/hadoop/common/lib/jersey-json-1.9.jar:/usr/local/hadoop2/share/hadoop/common/lib/xz-1.0.jar:/usr/local/hadoop2/share/hadoop/common/hadoop-common-2.6.0-tests.jar:/usr/local/hadoop2/share/hadoop/common/hadoop-nfs-2.6.0.jar:/usr/local/hadoop2/share/hadoop/common/hadoop-common-2.6.0.jar:/usr/local/hadoop2/share/hadoop/hdfs:/usr/local/hadoop2/share/hadoop/hdfs/lib/jackson-mapper-asl-1.9.13.jar:/usr/local/hadoop2/share/hadoop/hdfs/lib/jsr305-1.3.9.jar:/usr/local/hadoop2/share/hadoop/hdfs/lib/jetty-6.1.26.jar:/usr/local/hadoop2/share/hadoop/hdfs/lib/jersey-core-1.9.jar:/usr/local/hadoop2/share/hadoop/hdfs/lib/protobuf-java-2.5.0.jar:/usr/local/hadoop2/share/hadoop/hdfs/lib/xercesImpl-2.9.1.jar:/usr/local/hadoop2/share/hadoop/hdfs/lib/guava-11.0.2.jar:/usr/local/hadoop2/share/hadoop/hdfs/lib/servlet-api-2.5.jar:/usr/local/hadoop2/share/hadoop/hdfs/lib/jsp-api-2.1.jar:/usr/local/hadoop2/share/hadoop/hdfs/lib/commons-cli-1.2.jar:/usr/local/hadoop2/share/hadoop/hdfs/lib/commons-daemon-1.0.13.jar:/usr/local/hadoop2/share/hadoop/hdfs/lib/jersey-server-1.9.jar:/usr/local/hadoop2/share/hadoop/hdfs/lib/htrace-core-3.0.4.jar:/usr/local/hadoop2/share/hadoop/hdfs/lib/commons-io-2.4.jar:/usr/local/hadoop2/share/hadoop/hdfs/lib/jackson-core-asl-1.9.13.jar:/usr/local/hadoop2/share/hadoop/hdfs/lib/commons-el-1.0.jar:/usr/local/hadoop2/share/hadoop/hdfs/lib/jasper-runtime-5.5.23.jar:/usr/local/hadoop2/share/hadoop/hdfs/lib/commons-codec-1.4.jar:/usr/local/hadoop2/share/hadoop/hdfs/lib/commons-logging-1.1.3.jar:/usr/local/hadoop2/share/hadoop/hdfs/lib/log4j-1.2.17.jar:/usr/local/hadoop2/share/hadoop/hdfs/lib/commons-lang-2.6.jar:/usr/local/hadoop2/share/hadoop/hdfs/lib/jetty-util-6.1.26.jar:/usr/local/hadoop2/share/hadoop/hdfs/lib/xmlenc-0.52.jar:/usr/local/hadoop2/share/hadoop/hdfs/lib/netty-3.6.2.Final.jar:/usr/local/hadoop2/share/hadoop/hdfs/lib/asm-3.2.jar:/usr/local/hadoop2/share/hadoop/hdfs/lib/xml-apis-1.3.04.jar:/usr/local/hadoop2/share/hadoop/hdfs/hadoop-hdfs-2.6.0.jar:/usr/local/hadoop2/share/hadoop/hdfs/hadoop-hdfs-nfs-2.6.0.jar:/usr/local/hadoop2/share/hadoop/hdfs/hadoop-hdfs-2.6.0-tests.jar:/usr/local/hadoop2/share/hadoop/yarn/lib/stax-api-1.0-2.jar:/usr/local/hadoop2/share/hadoop/yarn/lib/zookeeper-3.4.6.jar:/usr/local/hadoop2/share/hadoop/yarn/lib/jackson-mapper-asl-1.9.13.jar:/usr/local/hadoop2/share/hadoop/yarn/lib/jackson-xc-1.9.13.jar:/usr/local/hadoop2/share/hadoop/yarn/lib/jsr305-1.3.9.jar:/usr/local/hadoop2/share/hadoop/yarn/lib/jetty-6.1.26.jar:/usr/local/hadoop2/share/hadoop/yarn/lib/jaxb-impl-2.2.3-1.jar:/usr/local/hadoop2/share/hadoop/yarn/lib/jersey-core-1.9.jar:/usr/local/hadoop2/share/hadoop/yarn/lib/protobuf-java-2.5.0.jar:/usr/local/hadoop2/share/hadoop/yarn/lib/guava-11.0.2.jar:/usr/local/hadoop2/share/hadoop/yarn/lib/jettison-1.1.jar:/usr/local/hadoop2/share/hadoop/yarn/lib/jersey-client-1.9.jar:/usr/local/hadoop2/share/hadoop/yarn/lib/leveldbjni-all-1.8.jar:/usr/local/hadoop2/share/hadoop/yarn/lib/commons-httpclient-3.1.jar:/usr/local/hadoop2/share/hadoop/yarn/lib/servlet-api-2.5.jar:/usr/local/hadoop2/share/hadoop/yarn/lib/commons-cli-1.2.jar:/usr/local/hadoop2/share/hadoop/yarn/lib/jersey-server-1.9.jar:/usr/local/hadoop2/share/hadoop/yarn/lib/javax.inject-1.jar:/usr/local/hadoop2/share/hadoop/yarn/lib/commons-io-2.4.jar:/usr/local/hadoop2/share/hadoop/yarn/lib/commons-compress-1.4.1.jar:/usr/local/hadoop2/share/hadoop/yarn/lib/jackson-core-asl-1.9.13.jar:/usr/local/hadoop2/share/hadoop/yarn/lib/guice-3.0.jar:/usr/local/hadoop2/share/hadoop/yarn/lib/jaxb-api-2.2.2.jar:/usr/local/hadoop2/share/hadoop/yarn/lib/commons-codec-1.4.jar:/usr/local/hadoop2/share/hadoop/yarn/lib/activation-1.1.jar:/usr/local/hadoop2/share/hadoop/yarn/lib/commons-logging-1.1.3.jar:/usr/local/hadoop2/share/hadoop/yarn/lib/commons-collections-3.2.1.jar:/usr/local/hadoop2/share/hadoop/yarn/lib/log4j-1.2.17.jar:/usr/local/hadoop2/share/hadoop/yarn/lib/commons-lang-2.6.jar:/usr/local/hadoop2/share/hadoop/yarn/lib/jetty-util-6.1.26.jar:/usr/local/hadoop2/share/hadoop/yarn/lib/jline-0.9.94.jar:/usr/local/hadoop2/share/hadoop/yarn/lib/jackson-jaxrs-1.9.13.jar:/usr/local/hadoop2/share/hadoop/yarn/lib/guice-servlet-3.0.jar:/usr/local/hadoop2/share/hadoop/yarn/lib/netty-3.6.2.Final.jar:/usr/local/hadoop2/share/hadoop/yarn/lib/asm-3.2.jar:/usr/local/hadoop2/share/hadoop/yarn/lib/aopalliance-1.0.jar:/usr/local/hadoop2/share/hadoop/yarn/lib/jersey-json-1.9.jar:/usr/local/hadoop2/share/hadoop/yarn/lib/xz-1.0.jar:/usr/local/hadoop2/share/hadoop/yarn/lib/jersey-guice-1.9.jar:/usr/local/hadoop2/share/hadoop/yarn/hadoop-yarn-applications-unmanaged-am-launcher-2.6.0.jar:/usr/local/hadoop2/share/hadoop/yarn/hadoop-yarn-applications-distributedshell-2.6.0.jar:/usr/local/hadoop2/share/hadoop/yarn/hadoop-yarn-server-web-proxy-2.6.0.jar:/usr/local/hadoop2/share/hadoop/yarn/hadoop-yarn-server-common-2.6.0.jar:/usr/local/hadoop2/share/hadoop/yarn/hadoop-yarn-server-applicationhistoryservice-2.6.0.jar:/usr/local/hadoop2/share/hadoop/yarn/hadoop-yarn-server-resourcemanager-2.6.0.jar:/usr/local/hadoop2/share/hadoop/yarn/hadoop-yarn-client-2.6.0.jar:/usr/local/hadoop2/share/hadoop/yarn/hadoop-yarn-registry-2.6.0.jar:/usr/local/hadoop2/share/hadoop/yarn/hadoop-yarn-common-2.6.0.jar:/usr/local/hadoop2/share/hadoop/yarn/hadoop-yarn-server-tests-2.6.0.jar:/usr/local/hadoop2/share/hadoop/yarn/hadoop-yarn-server-nodemanager-2.6.0.jar:/usr/local/hadoop2/share/hadoop/yarn/hadoop-yarn-api-2.6.0.jar:/usr/local/hadoop2/share/hadoop/mapreduce/lib/jackson-mapper-asl-1.9.13.jar:/usr/local/hadoop2/share/hadoop/mapreduce/lib/hamcrest-core-1.3.jar:/usr/local/hadoop2/share/hadoop/mapreduce/lib/junit-4.11.jar:/usr/local/hadoop2/share/hadoop/mapreduce/lib/jersey-core-1.9.jar:/usr/local/hadoop2/share/hadoop/mapreduce/lib/protobuf-java-2.5.0.jar:/usr/local/hadoop2/share/hadoop/mapreduce/lib/hadoop-annotations-2.6.0.jar:/usr/local/hadoop2/share/hadoop/mapreduce/lib/leveldbjni-all-1.8.jar:/usr/local/hadoop2/share/hadoop/mapreduce/lib/jersey-server-1.9.jar:/usr/local/hadoop2/share/hadoop/mapreduce/lib/javax.inject-1.jar:/usr/local/hadoop2/share/hadoop/mapreduce/lib/commons-io-2.4.jar:/usr/local/hadoop2/share/hadoop/mapreduce/lib/paranamer-2.3.jar:/usr/local/hadoop2/share/hadoop/mapreduce/lib/commons-compress-1.4.1.jar:/usr/local/hadoop2/share/hadoop/mapreduce/lib/jackson-core-asl-1.9.13.jar:/usr/local/hadoop2/share/hadoop/mapreduce/lib/guice-3.0.jar:/usr/local/hadoop2/share/hadoop/mapreduce/lib/log4j-1.2.17.jar:/usr/local/hadoop2/share/hadoop/mapreduce/lib/avro-1.7.4.jar:/usr/local/hadoop2/share/hadoop/mapreduce/lib/guice-servlet-3.0.jar:/usr/local/hadoop2/share/hadoop/mapreduce/lib/snappy-java-1.0.4.1.jar:/usr/local/hadoop2/share/hadoop/mapreduce/lib/netty-3.6.2.Final.jar:/usr/local/hadoop2/share/hadoop/mapreduce/lib/asm-3.2.jar:/usr/local/hadoop2/share/hadoop/mapreduce/lib/aopalliance-1.0.jar:/usr/local/hadoop2/share/hadoop/mapreduce/lib/xz-1.0.jar:/usr/local/hadoop2/share/hadoop/mapreduce/lib/jersey-guice-1.9.jar:/usr/local/hadoop2/share/hadoop/mapreduce/hadoop-mapreduce-client-hs-plugins-2.6.0.jar:/usr/local/hadoop2/share/hadoop/mapreduce/hadoop-mapreduce-client-hs-2.6.0.jar:/usr/local/hadoop2/share/hadoop/mapreduce/hadoop-mapreduce-client-common-2.6.0.jar:/usr/local/hadoop2/share/hadoop/mapreduce/hadoop-mapreduce-client-shuffle-2.6.0.jar:/usr/local/hadoop2/share/hadoop/mapreduce/hadoop-mapreduce-examples-2.6.0.jar:/usr/local/hadoop2/share/hadoop/mapreduce/hadoop-mapreduce-client-jobclient-2.6.0.jar:/usr/local/hadoop2/share/hadoop/mapreduce/hadoop-mapreduce-client-jobclient-2.6.0-tests.jar:/usr/local/hadoop2/share/hadoop/mapreduce/hadoop-mapreduce-client-core-2.6.0.jar:/usr/local/hadoop2/share/hadoop/mapreduce/hadoop-mapreduce-client-app-2.6.0.jar:/contrib/capacity-scheduler/*.jar:/contrib/capacity-scheduler/*.jar
STARTUP_MSG:   build = https://git-wip-us.apache.org/repos/asf/hadoop.git -r e3496499ecb8d220fba99dc5ed4c99c8f9e33bb1; compiled by 'jenkins' on 2014-11-13T21:10Z
STARTUP_MSG:   java = 1.7.0_21
************************************************************/
15/05/26 20:52:14 INFO namenode.NameNode: registered UNIX signal handlers for [TERM, HUP, INT]
15/05/26 20:52:14 INFO namenode.NameNode: createNameNode [-format, -force]
15/05/26 20:52:15 WARN util.NativeCodeLoader: Unable to load native-hadoop library for your platform... using builtin-java classes where applicable
Formatting using clusterid: CID-c3a61f9b-0ee6-4b7c-ac71-c42240202aee
15/05/26 20:52:15 INFO namenode.FSNamesystem: No KeyProvider found.
15/05/26 20:52:15 INFO namenode.FSNamesystem: fsLock is fair:true
15/05/26 20:52:15 INFO blockmanagement.DatanodeManager: dfs.block.invalidate.limit=1000
15/05/26 20:52:15 INFO blockmanagement.DatanodeManager: dfs.namenode.datanode.registration.ip-hostname-check=true
15/05/26 20:52:15 INFO blockmanagement.BlockManager: dfs.namenode.startup.delay.block.deletion.sec is set to 000:00:00:00.000
15/05/26 20:52:15 INFO blockmanagement.BlockManager: The block deletion will start around 2015 May 26 20:52:15
15/05/26 20:52:15 INFO util.GSet: Computing capacity for map BlocksMap
15/05/26 20:52:15 INFO util.GSet: VM type       = 32-bit
15/05/26 20:52:15 INFO util.GSet: 2.0% max memory 888.9 MB = 17.8 MB
15/05/26 20:52:15 INFO util.GSet: capacity      = 2^22 = 4194304 entries
15/05/26 20:52:15 INFO blockmanagement.BlockManager: dfs.block.access.token.enable=false
15/05/26 20:52:15 INFO blockmanagement.BlockManager: defaultReplication         = 1
15/05/26 20:52:15 INFO blockmanagement.BlockManager: maxReplication             = 512
15/05/26 20:52:15 INFO blockmanagement.BlockManager: minReplication             = 1
15/05/26 20:52:15 INFO blockmanagement.BlockManager: maxReplicationStreams      = 2
15/05/26 20:52:15 INFO blockmanagement.BlockManager: shouldCheckForEnoughRacks  = false
15/05/26 20:52:15 INFO blockmanagement.BlockManager: replicationRecheckInterval = 3000
15/05/26 20:52:15 INFO blockmanagement.BlockManager: encryptDataTransfer        = false
15/05/26 20:52:15 INFO blockmanagement.BlockManager: maxNumBlocksToLog          = 1000
15/05/26 20:52:15 INFO namenode.FSNamesystem: fsOwner             = hduser2 (auth:SIMPLE)
15/05/26 20:52:15 INFO namenode.FSNamesystem: supergroup          = supergroup
15/05/26 20:52:15 INFO namenode.FSNamesystem: isPermissionEnabled = true
15/05/26 20:52:15 INFO namenode.FSNamesystem: HA Enabled: false
15/05/26 20:52:15 INFO namenode.FSNamesystem: Append Enabled: true
15/05/26 20:52:15 INFO util.GSet: Computing capacity for map INodeMap
15/05/26 20:52:15 INFO util.GSet: VM type       = 32-bit
15/05/26 20:52:15 INFO util.GSet: 1.0% max memory 888.9 MB = 8.9 MB
15/05/26 20:52:15 INFO util.GSet: capacity      = 2^21 = 2097152 entries
15/05/26 20:52:15 INFO namenode.NameNode: Caching file names occuring more than 10 times
15/05/26 20:52:15 INFO util.GSet: Computing capacity for map cachedBlocks
15/05/26 20:52:15 INFO util.GSet: VM type       = 32-bit
15/05/26 20:52:15 INFO util.GSet: 0.25% max memory 888.9 MB = 2.2 MB
15/05/26 20:52:15 INFO util.GSet: capacity      = 2^19 = 524288 entries
15/05/26 20:52:15 INFO namenode.FSNamesystem: dfs.namenode.safemode.threshold-pct = 0.9990000128746033
15/05/26 20:52:15 INFO namenode.FSNamesystem: dfs.namenode.safemode.min.datanodes = 0
15/05/26 20:52:15 INFO namenode.FSNamesystem: dfs.namenode.safemode.extension     = 30000
15/05/26 20:52:15 INFO namenode.FSNamesystem: Retry cache on namenode is enabled
15/05/26 20:52:15 INFO namenode.FSNamesystem: Retry cache will use 0.03 of total heap and retry cache entry expiry time is 600000 millis
15/05/26 20:52:15 INFO util.GSet: Computing capacity for map NameNodeRetryCache
15/05/26 20:52:15 INFO util.GSet: VM type       = 32-bit
15/05/26 20:52:15 INFO util.GSet: 0.029999999329447746% max memory 888.9 MB = 273.1 KB
15/05/26 20:52:15 INFO util.GSet: capacity      = 2^16 = 65536 entries
15/05/26 20:52:15 INFO namenode.NNConf: ACLs enabled? false
15/05/26 20:52:15 INFO namenode.NNConf: XAttrs enabled? true
15/05/26 20:52:15 INFO namenode.NNConf: Maximum size of an xattr: 16384
Data exists in Storage Directory /usr/local/hadoop2_store/hdfs/namenode. Formatting anyway.
15/05/26 20:52:15 INFO namenode.FSImage: Allocated new BlockPoolId: BP-1975597067-127.0.0.1-1432687935870
15/05/26 20:52:16 INFO common.Storage: Storage directory /usr/local/hadoop2_store/hdfs/namenode has been successfully formatted.
15/05/26 20:52:16 INFO namenode.NNStorageRetentionManager: Going to retain 1 images with txid >= 0
15/05/26 20:52:16 INFO util.ExitUtil: Exiting with status 0
15/05/26 20:52:16 INFO namenode.NameNode: SHUTDOWN_MSG: 
/************************************************************
SHUTDOWN_MSG: Shutting down NameNode at blrkec255676d/127.0.0.1
************************************************************/
This script is Deprecated. Instead use start-dfs.sh and start-yarn.sh
15/05/26 20:52:32 WARN util.NativeCodeLoader: Unable to load native-hadoop library for your platform... using builtin-java classes where applicable
Starting namenodes on [localhost]
localhost: starting namenode, logging to /usr/local/hadoop2/logs/hadoop-hduser2-namenode-blrkec255676d.out
localhost: starting datanode, logging to /usr/local/hadoop2/logs/hadoop-hduser2-datanode-blrkec255676d.out
Starting secondary namenodes [0.0.0.0]
0.0.0.0: starting secondarynamenode, logging to /usr/local/hadoop2/logs/hadoop-hduser2-secondarynamenode-blrkec255676d.out
15/05/26 20:52:54 WARN util.NativeCodeLoader: Unable to load native-hadoop library for your platform... using builtin-java classes where applicable
starting yarn daemons
starting resourcemanager, logging to /usr/local/hadoop2/logs/yarn-hduser2-resourcemanager-blrkec255676d.out
localhost: starting nodemanager, logging to /usr/local/hadoop2/logs/yarn-hduser2-nodemanager-blrkec255676d.out
starting historyserver, logging to /var/log/hadoop2/mapred/mapred-hduser2-historyserver-blrkec255676d.out
DEPRECATED: Use of this script to execute hdfs command is deprecated.
Instead use the hdfs command for it.

rmr: DEPRECATED: Please use 'rm -r' instead.
15/05/26 20:53:59 WARN util.NativeCodeLoader: Unable to load native-hadoop library for your platform... using builtin-java classes where applicable
rmr: `/user/hduser2/out*': No such file or directory
15/05/26 20:54:01 WARN util.NativeCodeLoader: Unable to load native-hadoop library for your platform... using builtin-java classes where applicable
15/05/26 20:54:02 INFO client.RMProxy: Connecting to ResourceManager at /0.0.0.0:8032
Running 10 maps.
Job started: Tue May 26 20:54:03 EDT 2015
15/05/26 20:54:03 INFO client.RMProxy: Connecting to ResourceManager at /0.0.0.0:8032
15/05/26 20:54:04 INFO mapreduce.JobSubmitter: number of splits:10
15/05/26 20:54:04 INFO mapreduce.JobSubmitter: Submitting tokens for job: job_1432687982010_0001
15/05/26 20:54:05 INFO impl.YarnClientImpl: Submitted application application_1432687982010_0001
15/05/26 20:54:05 INFO mapreduce.Job: The url to track the job: http://localhost:8088/proxy/application_1432687982010_0001/
15/05/26 20:54:05 INFO mapreduce.Job: Running job: job_1432687982010_0001
15/05/26 20:54:13 INFO mapreduce.Job: Job job_1432687982010_0001 running in uber mode : false
15/05/26 20:54:13 INFO mapreduce.Job:  map 0% reduce 0%
15/05/26 20:56:42 INFO mapreduce.Job:  map 10% reduce 0%
15/05/26 20:56:43 INFO mapreduce.Job:  map 20% reduce 0%
15/05/26 20:56:44 INFO mapreduce.Job:  map 30% reduce 0%
15/05/26 20:56:45 INFO mapreduce.Job:  map 40% reduce 0%
15/05/26 20:56:46 INFO mapreduce.Job:  map 50% reduce 0%
15/05/26 20:56:48 INFO mapreduce.Job:  map 60% reduce 0%
15/05/26 20:58:55 INFO mapreduce.Job:  map 70% reduce 0%
15/05/26 20:58:58 INFO mapreduce.Job:  map 80% reduce 0%
15/05/26 20:59:01 INFO mapreduce.Job:  map 100% reduce 0%
15/05/26 20:59:02 INFO mapreduce.Job: Job job_1432687982010_0001 completed successfully
15/05/26 20:59:02 INFO mapreduce.Job: Counters: 33
	File System Counters
		FILE: Number of bytes read=0
		FILE: Number of bytes written=1061910
		FILE: Number of read operations=0
		FILE: Number of large read operations=0
		FILE: Number of write operations=0
		HDFS: Number of bytes read=1330
		HDFS: Number of bytes written=10772865478
		HDFS: Number of read operations=40
		HDFS: Number of large read operations=0
		HDFS: Number of write operations=20
	Job Counters 
		Killed map tasks=3
		Launched map tasks=13
		Other local map tasks=13
		Total time spent by all maps in occupied slots (ms)=1641877
		Total time spent by all reduces in occupied slots (ms)=0
		Total time spent by all map tasks (ms)=1641877
		Total vcore-seconds taken by all map tasks=1641877
		Total megabyte-seconds taken by all map tasks=840641024
	Map-Reduce Framework
		Map input records=10
		Map output records=1022047
		Input split bytes=1330
		Spilled Records=0
		Failed Shuffles=0
		Merged Map outputs=0
		GC time elapsed (ms)=3788
		CPU time spent (ms)=285400
		Physical memory (bytes) snapshot=2421301248
		Virtual memory (bytes) snapshot=11150143488
		Total committed heap usage (bytes)=1677983744
	org.apache.hadoop.examples.RandomWriter$Counters
		BYTES_WRITTEN=10737503266
		RECORDS_WRITTEN=1022047
	File Input Format Counters 
		Bytes Read=0
	File Output Format Counters 
		Bytes Written=10772865478
Job ended: Tue May 26 20:59:02 EDT 2015
The job took 299 seconds.
15/05/26 21:00:05 WARN util.NativeCodeLoader: Unable to load native-hadoop library for your platform... using builtin-java classes where applicable
filename=/mapred/history/done/2015/05/26/000000/job_1432687982010_0001-1432688044951-hduser2-random%2Dwriter-1432688340785-10-0-SUCCEEDED-default-1432688052054.jhist
15/05/26 21:00:07 WARN util.NativeCodeLoader: Unable to load native-hadoop library for your platform... using builtin-java classes where applicable
15/05/26 21:00:07 INFO client.RMProxy: Connecting to ResourceManager at /0.0.0.0:8032
DEPRECATED: Use of this script to execute hdfs command is deprecated.
Instead use the hdfs command for it.

rmr: DEPRECATED: Please use 'rm -r' instead.
15/05/26 21:00:10 WARN util.NativeCodeLoader: Unable to load native-hadoop library for your platform... using builtin-java classes where applicable
15/05/26 21:00:11 INFO fs.TrashPolicyDefault: Namenode trash configuration: Deletion interval = 0 minutes, Emptier interval = 0 minutes.
Deleted /mapred/history/done/2015
DEPRECATED: Use of this script to execute hdfs command is deprecated.
Instead use the hdfs command for it.

rmr: DEPRECATED: Please use 'rm -r' instead.
15/05/26 21:00:12 WARN util.NativeCodeLoader: Unable to load native-hadoop library for your platform... using builtin-java classes where applicable
rmr: `/mapred/history//hduser2': No such file or directory
DEPRECATED: Use of this script to execute hdfs command is deprecated.
Instead use the hdfs command for it.

rmr: DEPRECATED: Please use 'rm -r' instead.
15/05/26 21:00:14 WARN util.NativeCodeLoader: Unable to load native-hadoop library for your platform... using builtin-java classes where applicable
rmr: `/user/hduser2/Sort*': No such file or directory
15/05/26 21:00:16 WARN util.NativeCodeLoader: Unable to load native-hadoop library for your platform... using builtin-java classes where applicable
15/05/26 21:00:16 INFO client.RMProxy: Connecting to ResourceManager at /0.0.0.0:8032
Running on 1 nodes to sort from hdfs://localhost:9000/user/hduser2/output_RandomWriter into hdfs://localhost:9000/user/hduser2/Sort_output with 1 reduces.
Job started: Tue May 26 21:00:17 EDT 2015
15/05/26 21:00:17 INFO client.RMProxy: Connecting to ResourceManager at /0.0.0.0:8032
15/05/26 21:00:18 INFO input.FileInputFormat: Total input paths to process : 10
15/05/26 21:00:18 INFO mapreduce.JobSubmitter: number of splits:330
15/05/26 21:00:18 INFO mapreduce.JobSubmitter: Submitting tokens for job: job_1432687982010_0002
15/05/26 21:00:19 INFO impl.YarnClientImpl: Submitted application application_1432687982010_0002
15/05/26 21:00:19 INFO mapreduce.Job: The url to track the job: http://localhost:8088/proxy/application_1432687982010_0002/
15/05/26 21:00:19 INFO mapreduce.Job: Running job: job_1432687982010_0002
15/05/26 21:00:26 INFO mapreduce.Job: Job job_1432687982010_0002 running in uber mode : false
15/05/26 21:00:26 INFO mapreduce.Job:  map 0% reduce 0%
15/05/26 21:00:47 INFO mapreduce.Job:  map 1% reduce 0%
15/05/26 21:00:51 INFO mapreduce.Job:  map 2% reduce 0%
15/05/26 21:01:11 INFO mapreduce.Job:  map 3% reduce 0%
15/05/26 21:01:15 INFO mapreduce.Job:  map 4% reduce 0%
15/05/26 21:01:34 INFO mapreduce.Job:  map 5% reduce 0%
15/05/26 21:01:56 INFO mapreduce.Job:  map 6% reduce 0%
15/05/26 21:01:59 INFO mapreduce.Job:  map 7% reduce 0%
15/05/26 21:02:20 INFO mapreduce.Job:  map 8% reduce 0%
15/05/26 21:02:24 INFO mapreduce.Job:  map 9% reduce 0%
15/05/26 21:02:43 INFO mapreduce.Job:  map 10% reduce 0%
15/05/26 21:02:50 INFO mapreduce.Job:  map 11% reduce 0%
15/05/26 21:03:08 INFO mapreduce.Job:  map 12% reduce 0%
15/05/26 21:03:14 INFO mapreduce.Job:  map 13% reduce 0%
15/05/26 21:03:33 INFO mapreduce.Job:  map 14% reduce 0%
15/05/26 21:03:38 INFO mapreduce.Job:  map 15% reduce 0%
15/05/26 21:03:56 INFO mapreduce.Job:  map 16% reduce 0%
15/05/26 21:04:11 INFO mapreduce.Job:  map 17% reduce 0%
15/05/26 21:04:21 INFO mapreduce.Job:  map 18% reduce 0%
15/05/26 21:04:38 INFO mapreduce.Job:  map 18% reduce 1%
15/05/26 21:04:42 INFO mapreduce.Job:  map 19% reduce 1%
15/05/26 21:04:48 INFO mapreduce.Job:  map 20% reduce 2%
15/05/26 21:05:10 INFO mapreduce.Job:  map 21% reduce 2%
15/05/26 21:05:36 INFO mapreduce.Job:  map 22% reduce 2%
15/05/26 21:05:37 INFO mapreduce.Job:  map 22% reduce 3%
15/05/26 21:05:41 INFO mapreduce.Job:  map 23% reduce 3%
15/05/26 21:06:02 INFO mapreduce.Job:  map 24% reduce 3%
15/05/26 21:06:18 INFO mapreduce.Job:  map 24% reduce 4%
15/05/26 21:06:26 INFO mapreduce.Job:  map 25% reduce 4%
15/05/26 21:06:30 INFO mapreduce.Job:  map 26% reduce 4%
15/05/26 21:06:52 INFO mapreduce.Job:  map 27% reduce 4%
15/05/26 21:07:04 INFO mapreduce.Job:  map 27% reduce 5%
15/05/26 21:07:21 INFO mapreduce.Job:  map 28% reduce 5%
15/05/26 21:07:25 INFO mapreduce.Job:  map 29% reduce 5%
15/05/26 21:07:45 INFO mapreduce.Job:  map 30% reduce 5%
15/05/26 21:07:48 INFO mapreduce.Job:  map 30% reduce 6%
15/05/26 21:08:10 INFO mapreduce.Job:  map 31% reduce 6%
15/05/26 21:08:13 INFO mapreduce.Job:  map 32% reduce 6%
15/05/26 21:08:36 INFO mapreduce.Job:  map 33% reduce 6%
15/05/26 21:08:45 INFO mapreduce.Job:  map 33% reduce 7%
15/05/26 21:09:00 INFO mapreduce.Job:  map 34% reduce 7%
15/05/26 21:09:03 INFO mapreduce.Job:  map 35% reduce 7%
15/05/26 21:09:26 INFO mapreduce.Job:  map 36% reduce 7%
15/05/26 21:09:35 INFO mapreduce.Job:  map 36% reduce 8%
15/05/26 21:09:54 INFO mapreduce.Job:  map 37% reduce 8%
15/05/26 21:09:58 INFO mapreduce.Job:  map 38% reduce 8%
15/05/26 21:10:14 INFO mapreduce.Job:  map 38% reduce 9%
15/05/26 21:10:20 INFO mapreduce.Job:  map 39% reduce 9%
15/05/26 21:10:47 INFO mapreduce.Job:  map 40% reduce 9%
15/05/26 21:10:49 INFO mapreduce.Job:  map 41% reduce 9%
15/05/26 21:10:59 INFO mapreduce.Job:  map 41% reduce 10%
15/05/26 21:11:15 INFO mapreduce.Job:  map 42% reduce 10%
15/05/26 21:11:40 INFO mapreduce.Job:  map 43% reduce 10%
15/05/26 21:11:45 INFO mapreduce.Job:  map 44% reduce 11%
15/05/26 21:12:06 INFO mapreduce.Job:  map 45% reduce 11%
15/05/26 21:12:31 INFO mapreduce.Job:  map 46% reduce 11%
15/05/26 21:12:33 INFO mapreduce.Job:  map 47% reduce 12%
15/05/26 21:12:57 INFO mapreduce.Job:  map 48% reduce 12%
